<?xml version="1.0" encoding="UTF-8"?>
<!-- Generated by org.testng.reporters.JUnitReportReporter -->
<testsuite hostname="Mukul_Desk" name="org.vms.testscripts.CreateRoleTestscript" tests="2" failures="0" timestamp="18 Mar 2019 09:49:09 GMT" time="40.798" errors="0">
  <testcase name="testRoleCreate" time="19.753" classname="org.vms.testscripts.CreateRoleTestscript"/>
  <testcase name="testRoleCreate" time="21.045" classname="org.vms.testscripts.CreateRoleTestscript"/>
</testsuite> <!-- org.vms.testscripts.CreateRoleTestscript -->
