<?xml version="1.0" encoding="UTF-8"?>
<!-- Generated by org.testng.reporters.JUnitReportReporter -->
<testsuite hostname="Mukul_Desk" name="org.vms.testscripts.TC003" tests="1" failures="0" timestamp="18 Mar 2019 10:03:25 GMT" time="10.068" errors="0">
  <testcase name="searchRole" time="10.068" classname="org.vms.testscripts.TC003"/>
</testsuite> <!-- org.vms.testscripts.TC003 -->
